<?xml version="1.0" encoding="utf-8"?><testsuites name="pytest tests"><testsuite name="pytest" errors="0" failures="0" skipped="0" tests="4" time="9.690" timestamp="2026-07-21T16:03:50.467600+00:00" hostname="agent-env-220f8711-e29d-4415-9652-ba9177e87233"><testcase classname="backend.tests.test_portfolio_api.TestHealth" name="test_root" time="0.343" /><testcase classname="backend.tests.test_portfolio_api.TestChatEmailProjects" name="test_email_and_project_count" time="4.017" /><testcase classname="backend.tests.test_portfolio_api.TestChatFraudProject" name="test_fraud_project_details" time="5.149" /><testcase classname="backend.tests.test_portfolio_api.TestChatValidation" name="test_empty_message_rejected" time="0.127" /></testsuite></testsuites>