<?xml version="1.0" encoding="utf-8"?><testsuites name="pytest tests"><testsuite name="pytest" errors="0" failures="0" skipped="0" tests="3" time="5.491" timestamp="2026-07-21T15:23:49.268148+00:00" hostname="agent-env-220f8711-e29d-4415-9652-ba9177e87233"><testcase classname="backend.tests.test_portfolio_api.TestHealth" name="test_root" time="0.230" /><testcase classname="backend.tests.test_portfolio_api.TestChat" name="test_chat_returns_reply" time="5.068" /><testcase classname="backend.tests.test_portfolio_api.TestChat" name="test_chat_empty_message_rejected" time="0.140" /></testsuite></testsuites>